0 info it worked if it ends with ok
1 verbose cli [ '/usr/local/bin/node', '/usr/local/bin/npm', 'run', 'start' ]
2 info using npm@4.1.2
3 info using node@v7.7.2
4 verbose run-script [ 'prestart', 'start', 'poststart' ]
5 info lifecycle ws2@1.0.0~prestart: ws2@1.0.0
6 silly lifecycle ws2@1.0.0~prestart: no script for prestart, continuing
7 info lifecycle ws2@1.0.0~start: ws2@1.0.0
8 verbose lifecycle ws2@1.0.0~start: unsafe-perm in lifecycle true
9 verbose lifecycle ws2@1.0.0~start: PATH: /usr/local/lib/node_modules/npm/bin/node-gyp-bin:/home/swapnil/dashboard/vdi_client_server/node_modules/.bin:/usr/local/sbin:/usr/local/bin:/usr/bin:/usr/lib/jvm/default/bin:/usr/bin/site_perl:/usr/bin/vendor_perl:/usr/bin/core_perl
10 verbose lifecycle ws2@1.0.0~start: CWD: /home/swapnil/dashboard/vdi_client_server
11 silly lifecycle ws2@1.0.0~start: Args: [ '-c', 'babel-node ./src/index.js' ]
12 silly lifecycle ws2@1.0.0~start: Returned: code: 1  signal: null
13 info lifecycle ws2@1.0.0~start: Failed to exec start script
14 verbose stack Error: ws2@1.0.0 start: `babel-node ./src/index.js`
14 verbose stack Exit status 1
14 verbose stack     at EventEmitter.<anonymous> (/usr/local/lib/node_modules/npm/lib/utils/lifecycle.js:279:16)
14 verbose stack     at emitTwo (events.js:106:13)
14 verbose stack     at EventEmitter.emit (events.js:194:7)
14 verbose stack     at ChildProcess.<anonymous> (/usr/local/lib/node_modules/npm/lib/utils/spawn.js:40:14)
14 verbose stack     at emitTwo (events.js:106:13)
14 verbose stack     at ChildProcess.emit (events.js:194:7)
14 verbose stack     at maybeClose (internal/child_process.js:899:16)
14 verbose stack     at Process.ChildProcess._handle.onexit (internal/child_process.js:226:5)
15 verbose pkgid ws2@1.0.0
16 verbose cwd /home/swapnil/dashboard/vdi_client_server
17 error Linux 4.9.6-1-ARCH
18 error argv "/usr/local/bin/node" "/usr/local/bin/npm" "run" "start"
19 error node v7.7.2
20 error npm  v4.1.2
21 error code ELIFECYCLE
22 error ws2@1.0.0 start: `babel-node ./src/index.js`
22 error Exit status 1
23 error Failed at the ws2@1.0.0 start script 'babel-node ./src/index.js'.
23 error Make sure you have the latest version of node.js and npm installed.
23 error If you do, this is most likely a problem with the ws2 package,
23 error not with npm itself.
23 error Tell the author that this fails on your system:
23 error     babel-node ./src/index.js
23 error You can get information on how to open an issue for this project with:
23 error     npm bugs ws2
23 error Or if that isn't available, you can get their info via:
23 error     npm owner ls ws2
23 error There is likely additional logging output above.
24 verbose exit [ 1, true ]
